<?xml version="1.0" encoding="UTF-8"?>
<!-- Generated by org.testng.reporters.JUnitReportReporter -->
<testsuite hostname="havisha" failures="0" tests="5" name="com.nopcommerce.demo.testsuite.ComputerPageTest" time="28.211" errors="0" timestamp="2023-12-10T21:57:05 GMT" skipped="0">
  <testcase classname="com.nopcommerce.demo.testsuite.ComputerPageTest" name="verifyUserShouldNavigateToComputerPageSuccessfully" time="3.724"/>
  <testcase classname="com.nopcommerce.demo.testsuite.ComputerPageTest" name="verifyUserShouldNavigateToDesktopsPageSuccessfully" time="3.106"/>
  <testcase classname="com.nopcommerce.demo.testsuite.ComputerPageTest" name="verifyThatUserShouldBuildYourOwnComputerAndAddToCartSuccessfully" time="6.671"/>
  <testcase classname="com.nopcommerce.demo.testsuite.ComputerPageTest" name="verifyThatUserShouldBuildYourOwnComputerAndAddToCartSuccessfully" time="7.827"/>
  <testcase classname="com.nopcommerce.demo.testsuite.ComputerPageTest" name="verifyThatUserShouldBuildYourOwnComputerAndAddToCartSuccessfully" time="6.883"/>
</testsuite> <!-- com.nopcommerce.demo.testsuite.ComputerPageTest -->
